c:\users\bruno berti\documents\fanshawe\git\gdp202223\randomgame\randomgame\x64\release\vc143.pdb
c:\users\bruno berti\documents\fanshawe\git\gdp202223\randomgame\randomgame\x64\release\themainfunction.obj
c:\users\bruno berti\documents\fanshawe\git\gdp202223\randomgame\randomgame\x64\release\keyboardcallbackfunctions.obj
c:\users\bruno berti\documents\fanshawe\git\gdp202223\randomgame\randomgame\x64\release\globalthings.obj
c:\users\bruno berti\documents\fanshawe\git\gdp202223\randomgame\randomgame\x64\release\funwithvectors.obj
c:\users\bruno berti\documents\fanshawe\git\gdp202223\randomgame\randomgame\x64\release\funwithmaps.obj
c:\users\bruno berti\documents\fanshawe\git\gdp202223\randomgame\randomgame\x64\release\cmeshobject.obj
c:\users\bruno berti\documents\fanshawe\git\gdp202223\randomgame\randomgame\x64\release\clightmanager.obj
c:\users\bruno berti\documents\fanshawe\git\gdp202223\randomgame\randomgame\x64\release\clighthelper.obj
c:\users\bruno berti\documents\fanshawe\git\gdp202223\randomgame\randomgame\x64\release\clight.obj
c:\users\bruno berti\documents\fanshawe\git\gdp202223\randomgame\randomgame\x64\release\glad.obj
c:\users\bruno berti\documents\fanshawe\git\gdp202223\randomgame\randomgame\x64\release\cshadermanager.obj
c:\users\bruno berti\documents\fanshawe\git\gdp202223\randomgame\randomgame\x64\release\cshader.obj
c:\users\bruno berti\documents\fanshawe\git\gdp202223\randomgame\randomgame\x64\release\crobotshepherd.obj
c:\users\bruno berti\documents\fanshawe\git\gdp202223\randomgame\randomgame\x64\release\crobot.obj
c:\users\bruno berti\documents\fanshawe\git\gdp202223\randomgame\randomgame\x64\release\cvaomanager.obj
c:\users\bruno berti\documents\fanshawe\git\gdp202223\randomgame\randomgame\x64\release\c3dmodelfileloader.obj
c:\users\bruno berti\documents\fanshawe\git\gdp202223\randomgame\randomgame\x64\release\graphicscene.obj
c:\users\bruno berti\documents\fanshawe\git\gdp202223\randomgame\randomgame\x64\release\vector3.obj
c:\users\bruno berti\documents\fanshawe\git\gdp202223\randomgame\randomgame\x64\release\particlesystem.obj
c:\users\bruno berti\documents\fanshawe\git\gdp202223\randomgame\randomgame\x64\release\particle.obj
c:\users\bruno berti\documents\fanshawe\git\midterms\graphics\randomgame\x64\release\vc143.pdb
c:\users\bruno berti\documents\fanshawe\git\midterms\graphics\randomgame\x64\release\funwithmaps.obj
c:\users\bruno berti\documents\fanshawe\git\midterms\graphics\randomgame\x64\release\clightmanager.obj
c:\users\bruno berti\documents\fanshawe\git\midterms\graphics\randomgame\x64\release\clight.obj
c:\users\bruno berti\documents\fanshawe\git\midterms\graphics\randomgame\x64\release\themainfunction.obj
c:\users\bruno berti\documents\fanshawe\git\midterms\graphics\randomgame\x64\release\cvaomanager.obj
c:\users\bruno berti\documents\fanshawe\git\midterms\graphics\randomgame\x64\release\c3dmodelfileloader.obj
c:\users\bruno berti\documents\fanshawe\git\midterms\graphics\randomgame\x64\release\cshadermanager.obj
c:\users\bruno berti\documents\fanshawe\git\midterms\graphics\randomgame\x64\release\cshader.obj
c:\users\bruno berti\documents\fanshawe\git\midterms\graphics\randomgame\x64\release\keyboardcallbackfunctions.obj
c:\users\bruno berti\documents\fanshawe\git\midterms\graphics\randomgame\x64\release\imgui_widgets.obj
c:\users\bruno berti\documents\fanshawe\git\midterms\graphics\randomgame\x64\release\imgui_tables.obj
c:\users\bruno berti\documents\fanshawe\git\midterms\graphics\randomgame\x64\release\imgui_impl_opengl3.obj
c:\users\bruno berti\documents\fanshawe\git\midterms\graphics\randomgame\x64\release\imgui_impl_glfw.obj
c:\users\bruno berti\documents\fanshawe\git\midterms\graphics\randomgame\x64\release\imgui_draw.obj
c:\users\bruno berti\documents\fanshawe\git\midterms\graphics\randomgame\x64\release\imgui_demo.obj
c:\users\bruno berti\documents\fanshawe\git\midterms\graphics\randomgame\x64\release\imgui.obj
c:\users\bruno berti\documents\fanshawe\git\midterms\graphics\randomgame\x64\release\globalthings.obj
c:\users\bruno berti\documents\fanshawe\git\midterms\graphics\randomgame\x64\release\funwithvectors.obj
c:\users\bruno berti\documents\fanshawe\git\midterms\graphics\randomgame\x64\release\crandomui.obj
c:\users\bruno berti\documents\fanshawe\git\midterms\graphics\randomgame\x64\release\cmeshobject.obj
c:\users\bruno berti\documents\fanshawe\git\midterms\graphics\randomgame\x64\release\clighthelper.obj
c:\users\bruno berti\documents\fanshawe\git\midterms\graphics\randomgame\x64\release\vector3.obj
c:\users\bruno berti\documents\fanshawe\git\midterms\graphics\randomgame\x64\release\particlesystem.obj
c:\users\bruno berti\documents\fanshawe\git\midterms\graphics\randomgame\x64\release\particle.obj
c:\users\bruno berti\documents\fanshawe\git\midterms\graphics\randomgame\x64\release\graphicscene.obj
c:\users\bruno berti\documents\fanshawe\git\midterms\graphics\randomgame\x64\release\glad.obj
c:\users\bruno berti\documents\fanshawe\git\midterms\graphics\x64\release\randomgame.exe
c:\users\bruno berti\documents\fanshawe\git\midterms\graphics\randomgame\x64\release\randomgame.ipdb
c:\users\bruno berti\documents\fanshawe\git\midterms\graphics\x64\release\randomgame.pdb
c:\users\bruno berti\documents\fanshawe\git\midterms\graphics\randomgame\x64\release\randomgame.iobj
c:\users\bruno berti\documents\fanshawe\git\midterms\graphics\randomgame\x64\release\crobot.obj
c:\users\bruno berti\documents\fanshawe\git\midterms\graphics\randomgame\x64\release\crobotshepherd.obj
c:\users\bruno berti\documents\fanshawe\git\midterms\graphics\randomgame\x64\release\randomgame.tlog\cl.command.1.tlog
c:\users\bruno berti\documents\fanshawe\git\midterms\graphics\randomgame\x64\release\randomgame.tlog\cl.read.1.tlog
c:\users\bruno berti\documents\fanshawe\git\midterms\graphics\randomgame\x64\release\randomgame.tlog\cl.write.1.tlog
c:\users\bruno berti\documents\fanshawe\git\midterms\graphics\randomgame\x64\release\randomgame.tlog\link.command.1.tlog
c:\users\bruno berti\documents\fanshawe\git\midterms\graphics\randomgame\x64\release\randomgame.tlog\link.read.1.tlog
c:\users\bruno berti\documents\fanshawe\git\midterms\graphics\randomgame\x64\release\randomgame.tlog\link.write.1.tlog
