c:\users\bruno berti\documents\fanshawe\git\versions\configuration\randomgame\x64\debug\vc143.pdb
c:\users\bruno berti\documents\fanshawe\git\versions\configuration\randomgame\x64\debug\vc143.idb
c:\users\bruno berti\documents\fanshawe\git\versions\configuration\randomgame\x64\debug\graphicscene.obj
c:\users\bruno berti\documents\fanshawe\git\versions\configuration\randomgame\x64\debug\cvaomanager.obj
c:\users\bruno berti\documents\fanshawe\git\versions\configuration\randomgame\x64\debug\c3dmodelfileloader.obj
c:\users\bruno berti\documents\fanshawe\git\versions\configuration\randomgame\x64\debug\cshadermanager.obj
c:\users\bruno berti\documents\fanshawe\git\versions\configuration\randomgame\x64\debug\cshader.obj
c:\users\bruno berti\documents\fanshawe\git\versions\configuration\randomgame\x64\debug\keyboardcallbackfunctions.obj
c:\users\bruno berti\documents\fanshawe\git\versions\configuration\randomgame\x64\debug\imgui_widgets.obj
c:\users\bruno berti\documents\fanshawe\git\versions\configuration\randomgame\x64\debug\imgui_tables.obj
c:\users\bruno berti\documents\fanshawe\git\versions\configuration\randomgame\x64\debug\imgui_impl_opengl3.obj
c:\users\bruno berti\documents\fanshawe\git\versions\configuration\randomgame\x64\debug\imgui_impl_glfw.obj
c:\users\bruno berti\documents\fanshawe\git\versions\configuration\randomgame\x64\debug\imgui_draw.obj
c:\users\bruno berti\documents\fanshawe\git\versions\configuration\randomgame\x64\debug\imgui_demo.obj
c:\users\bruno berti\documents\fanshawe\git\versions\configuration\randomgame\x64\debug\imgui.obj
c:\users\bruno berti\documents\fanshawe\git\versions\configuration\randomgame\x64\debug\globalthings.obj
c:\users\bruno berti\documents\fanshawe\git\versions\configuration\randomgame\x64\debug\fmodmanager.obj
c:\users\bruno berti\documents\fanshawe\git\versions\configuration\randomgame\x64\debug\crandomui.obj
c:\users\bruno berti\documents\fanshawe\git\versions\configuration\randomgame\x64\debug\cmeshobject.obj
c:\users\bruno berti\documents\fanshawe\git\versions\configuration\randomgame\x64\debug\clightmanager.obj
c:\users\bruno berti\documents\fanshawe\git\versions\configuration\randomgame\x64\debug\clighthelper.obj
c:\users\bruno berti\documents\fanshawe\git\versions\configuration\randomgame\x64\debug\clight.obj
c:\users\bruno berti\documents\fanshawe\git\versions\configuration\randomgame\x64\debug\vector3.obj
c:\users\bruno berti\documents\fanshawe\git\versions\configuration\randomgame\x64\debug\time.obj
c:\users\bruno berti\documents\fanshawe\git\versions\configuration\randomgame\x64\debug\themainfunction.obj
c:\users\bruno berti\documents\fanshawe\git\versions\configuration\randomgame\x64\debug\spring.obj
c:\users\bruno berti\documents\fanshawe\git\versions\configuration\randomgame\x64\debug\simulationview.obj
c:\users\bruno berti\documents\fanshawe\git\versions\configuration\randomgame\x64\debug\shapes.obj
c:\users\bruno berti\documents\fanshawe\git\versions\configuration\randomgame\x64\debug\physicsutils.obj
c:\users\bruno berti\documents\fanshawe\git\versions\configuration\randomgame\x64\debug\physicssystem.obj
c:\users\bruno berti\documents\fanshawe\git\versions\configuration\randomgame\x64\debug\physicsobject.obj
c:\users\bruno berti\documents\fanshawe\git\versions\configuration\randomgame\x64\debug\physicsmath.obj
c:\users\bruno berti\documents\fanshawe\git\versions\configuration\randomgame\x64\debug\physicsdebugrenderer.obj
c:\users\bruno berti\documents\fanshawe\git\versions\configuration\randomgame\x64\debug\particlesystem.obj
c:\users\bruno berti\documents\fanshawe\git\versions\configuration\randomgame\x64\debug\particle.obj
c:\users\bruno berti\documents\fanshawe\git\versions\configuration\randomgame\x64\debug\glad.obj
c:\users\bruno berti\documents\fanshawe\git\versions\configuration\randomgame\x64\debug\randomgame.ilk
c:\users\bruno berti\documents\fanshawe\git\versions\configuration\randomgame\x64\debug\randomgame.exe
c:\users\bruno berti\documents\fanshawe\git\versions\configuration\randomgame\x64\debug\randomgame.pdb
c:\users\bruno berti\documents\fanshawe\git\versions\configuration\randomgame\x64\debug\randomgame.tlog\cl.command.1.tlog
c:\users\bruno berti\documents\fanshawe\git\versions\configuration\randomgame\x64\debug\randomgame.tlog\cl.read.1.tlog
c:\users\bruno berti\documents\fanshawe\git\versions\configuration\randomgame\x64\debug\randomgame.tlog\cl.write.1.tlog
c:\users\bruno berti\documents\fanshawe\git\versions\configuration\randomgame\x64\debug\randomgame.tlog\link.command.1.tlog
c:\users\bruno berti\documents\fanshawe\git\versions\configuration\randomgame\x64\debug\randomgame.tlog\link.read.1.tlog
c:\users\bruno berti\documents\fanshawe\git\versions\configuration\randomgame\x64\debug\randomgame.tlog\link.write.1.tlog
