  theMainFunction.cpp
C:\Program Files (x86)\Windows Kits\10\Include\10.0.19041.0\shared\minwindef.h(130,1): warning C4005: 'APIENTRY': macro redefinition
C:\Users\Bruno Berti\Documents\Fanshawe\Git\Versions\Engine Final\RandomGame\include\glad\glad.h(32): message : see previous definition of 'APIENTRY'
C:\Users\Bruno Berti\Documents\Fanshawe\Git\Versions\Engine Final\RandomGame\theMainFunction.cpp(173,29): warning C4244: 'initializing': conversion from 'int' to 'float', possible loss of data
C:\Users\Bruno Berti\Documents\Fanshawe\Git\Versions\Engine Final\RandomGame\theMainFunction.cpp(174,29): warning C4244: 'initializing': conversion from 'int' to 'float', possible loss of data
C:\Users\Bruno Berti\Documents\Fanshawe\Git\Versions\Engine Final\RandomGame\theMainFunction.cpp(202,38): warning C4244: 'initializing': conversion from 'int' to 'float', possible loss of data
C:\Users\Bruno Berti\Documents\Fanshawe\Git\Versions\Engine Final\RandomGame\theMainFunction.cpp(203,38): warning C4244: 'initializing': conversion from 'int' to 'float', possible loss of data
C:\Users\Bruno Berti\Documents\Fanshawe\Git\Versions\Engine Final\RandomGame\theMainFunction.cpp(212,38): warning C4244: 'initializing': conversion from 'int' to 'float', possible loss of data
C:\Users\Bruno Berti\Documents\Fanshawe\Git\Versions\Engine Final\RandomGame\theMainFunction.cpp(213,38): warning C4244: 'initializing': conversion from 'int' to 'float', possible loss of data
C:\Users\Bruno Berti\Documents\Fanshawe\Git\Versions\Engine Final\RandomGame\theMainFunction.cpp(226,42): warning C4244: 'initializing': conversion from 'int' to 'float', possible loss of data
C:\Users\Bruno Berti\Documents\Fanshawe\Git\Versions\Engine Final\RandomGame\theMainFunction.cpp(227,42): warning C4244: 'initializing': conversion from 'int' to 'float', possible loss of data
C:\Users\Bruno Berti\Documents\Fanshawe\Git\Versions\Engine Final\RandomGame\theMainFunction.cpp(241,42): warning C4244: 'initializing': conversion from 'int' to 'float', possible loss of data
C:\Users\Bruno Berti\Documents\Fanshawe\Git\Versions\Engine Final\RandomGame\theMainFunction.cpp(242,42): warning C4244: 'initializing': conversion from 'int' to 'float', possible loss of data
C:\Users\Bruno Berti\Documents\Fanshawe\Git\Versions\Engine Final\RandomGame\theMainFunction.cpp(254,38): warning C4244: 'initializing': conversion from 'int' to 'float', possible loss of data
C:\Users\Bruno Berti\Documents\Fanshawe\Git\Versions\Engine Final\RandomGame\theMainFunction.cpp(255,38): warning C4244: 'initializing': conversion from 'int' to 'float', possible loss of data
C:\Users\Bruno Berti\Documents\Fanshawe\Git\Versions\Engine Final\RandomGame\theMainFunction.cpp(267,42): warning C4244: 'initializing': conversion from 'int' to 'float', possible loss of data
C:\Users\Bruno Berti\Documents\Fanshawe\Git\Versions\Engine Final\RandomGame\theMainFunction.cpp(268,42): warning C4244: 'initializing': conversion from 'int' to 'float', possible loss of data
C:\Users\Bruno Berti\Documents\Fanshawe\Git\Versions\Engine Final\RandomGame\theMainFunction.cpp(282,42): warning C4244: 'initializing': conversion from 'int' to 'float', possible loss of data
C:\Users\Bruno Berti\Documents\Fanshawe\Git\Versions\Engine Final\RandomGame\theMainFunction.cpp(283,42): warning C4244: 'initializing': conversion from 'int' to 'float', possible loss of data
C:\Users\Bruno Berti\Documents\Fanshawe\Git\Versions\Engine Final\RandomGame\theMainFunction.cpp(297,42): warning C4244: 'initializing': conversion from 'int' to 'float', possible loss of data
C:\Users\Bruno Berti\Documents\Fanshawe\Git\Versions\Engine Final\RandomGame\theMainFunction.cpp(298,42): warning C4244: 'initializing': conversion from 'int' to 'float', possible loss of data
C:\Users\Bruno Berti\Documents\Fanshawe\Git\Versions\Engine Final\RandomGame\theMainFunction.cpp(314,42): warning C4244: 'initializing': conversion from 'int' to 'float', possible loss of data
C:\Users\Bruno Berti\Documents\Fanshawe\Git\Versions\Engine Final\RandomGame\theMainFunction.cpp(315,42): warning C4244: 'initializing': conversion from 'int' to 'float', possible loss of data
C:\Users\Bruno Berti\Documents\Fanshawe\Git\Versions\Engine Final\RandomGame\theMainFunction.cpp(325,38): warning C4244: 'initializing': conversion from 'int' to 'float', possible loss of data
C:\Users\Bruno Berti\Documents\Fanshawe\Git\Versions\Engine Final\RandomGame\theMainFunction.cpp(326,38): warning C4244: 'initializing': conversion from 'int' to 'float', possible loss of data
C:\Users\Bruno Berti\Documents\Fanshawe\Git\Versions\Engine Final\RandomGame\theMainFunction.cpp(339,42): warning C4244: 'initializing': conversion from 'int' to 'float', possible loss of data
C:\Users\Bruno Berti\Documents\Fanshawe\Git\Versions\Engine Final\RandomGame\theMainFunction.cpp(340,42): warning C4244: 'initializing': conversion from 'int' to 'float', possible loss of data
C:\Users\Bruno Berti\Documents\Fanshawe\Git\Versions\Engine Final\RandomGame\theMainFunction.cpp(354,42): warning C4244: 'initializing': conversion from 'int' to 'float', possible loss of data
C:\Users\Bruno Berti\Documents\Fanshawe\Git\Versions\Engine Final\RandomGame\theMainFunction.cpp(355,42): warning C4244: 'initializing': conversion from 'int' to 'float', possible loss of data
C:\Users\Bruno Berti\Documents\Fanshawe\Git\Versions\Engine Final\RandomGame\theMainFunction.cpp(369,42): warning C4244: 'initializing': conversion from 'int' to 'float', possible loss of data
C:\Users\Bruno Berti\Documents\Fanshawe\Git\Versions\Engine Final\RandomGame\theMainFunction.cpp(370,42): warning C4244: 'initializing': conversion from 'int' to 'float', possible loss of data
C:\Users\Bruno Berti\Documents\Fanshawe\Git\Versions\Engine Final\RandomGame\theMainFunction.cpp(383,42): warning C4244: 'initializing': conversion from 'int' to 'float', possible loss of data
C:\Users\Bruno Berti\Documents\Fanshawe\Git\Versions\Engine Final\RandomGame\theMainFunction.cpp(384,42): warning C4244: 'initializing': conversion from 'int' to 'float', possible loss of data
C:\Users\Bruno Berti\Documents\Fanshawe\Git\Versions\Engine Final\RandomGame\theMainFunction.cpp(398,42): warning C4244: 'initializing': conversion from 'int' to 'float', possible loss of data
C:\Users\Bruno Berti\Documents\Fanshawe\Git\Versions\Engine Final\RandomGame\theMainFunction.cpp(399,42): warning C4244: 'initializing': conversion from 'int' to 'float', possible loss of data
C:\Users\Bruno Berti\Documents\Fanshawe\Git\Versions\Engine Final\RandomGame\theMainFunction.cpp(413,42): warning C4244: 'initializing': conversion from 'int' to 'float', possible loss of data
C:\Users\Bruno Berti\Documents\Fanshawe\Git\Versions\Engine Final\RandomGame\theMainFunction.cpp(414,42): warning C4244: 'initializing': conversion from 'int' to 'float', possible loss of data
C:\Users\Bruno Berti\Documents\Fanshawe\Git\Versions\Engine Final\RandomGame\theMainFunction.cpp(488,23): warning C4018: '<': signed/unsigned mismatch
C:\Users\Bruno Berti\Documents\Fanshawe\Git\Versions\Engine Final\RandomGame\theMainFunction.cpp(490,19): warning C4101: 'triangleCenter2': unreferenced local variable
  RandomGame.vcxproj -> C:\Users\Bruno Berti\Documents\Fanshawe\Git\Versions\Engine Final\x64\Debug\RandomGame.exe
